{"C:\\Users\\91987\\code\\HomiTag\\Movie\\src\\controllers\\MovieController.js": {"path":"C:\\Users\\91987\\code\\HomiTag\\Movie\\src\\controllers\\MovieController.js","statementMap":{"0":{"start":{"line":3,"column":4},"end":{"line":3,"column":24}},"1":{"start":{"line":7,"column":4},"end":{"line":7,"column":29}},"2":{"start":{"line":9,"column":12},"end":{"line":28,"column":1}},"3":{"start":{"line":10,"column":2},"end":{"line":27,"column":3}},"4":{"start":{"line":11,"column":19},"end":{"line":11,"column":21}},"5":{"start":{"line":12,"column":4},"end":{"line":14,"column":5}},"6":{"start":{"line":13,"column":6},"end":{"line":13,"column":35}},"7":{"start":{"line":15,"column":19},"end":{"line":15,"column":43}},"8":{"start":{"line":16,"column":4},"end":{"line":20,"column":8}},"9":{"start":{"line":23,"column":4},"end":{"line":26,"column":6}},"10":{"start":{"line":30,"column":15},"end":{"line":62,"column":1}},"11":{"start":{"line":31,"column":2},"end":{"line":61,"column":3}},"12":{"start":{"line":32,"column":24},"end":{"line":32,"column":52}},"13":{"start":{"line":33,"column":4},"end":{"line":53,"column":5}},"14":{"start":{"line":34,"column":23},"end":{"line":41,"column":8}},"15":{"start":{"line":42,"column":6},"end":{"line":47,"column":8}},"16":{"start":{"line":49,"column":6},"end":{"line":52,"column":8}},"17":{"start":{"line":56,"column":4},"end":{"line":56,"column":31}},"18":{"start":{"line":57,"column":4},"end":{"line":60,"column":6}},"19":{"start":{"line":64,"column":20},"end":{"line":88,"column":1}},"20":{"start":{"line":65,"column":2},"end":{"line":87,"column":3}},"21":{"start":{"line":66,"column":24},"end":{"line":66,"column":58}},"22":{"start":{"line":67,"column":4},"end":{"line":80,"column":5}},"23":{"start":{"line":68,"column":6},"end":{"line":68,"column":54}},"24":{"start":{"line":69,"column":6},"end":{"line":73,"column":10}},"25":{"start":{"line":76,"column":6},"end":{"line":79,"column":8}},"26":{"start":{"line":83,"column":4},"end":{"line":86,"column":6}},"27":{"start":{"line":90,"column":0},"end":{"line":94,"column":1}}},"fnMap":{"0":{"name":"(anonymous_0)","decl":{"start":{"line":9,"column":12},"end":{"line":9,"column":13}},"loc":{"start":{"line":9,"column":32},"end":{"line":28,"column":1}},"line":9},"1":{"name":"(anonymous_1)","decl":{"start":{"line":30,"column":15},"end":{"line":30,"column":16}},"loc":{"start":{"line":30,"column":35},"end":{"line":62,"column":1}},"line":30},"2":{"name":"(anonymous_2)","decl":{"start":{"line":64,"column":20},"end":{"line":64,"column":21}},"loc":{"start":{"line":64,"column":40},"end":{"line":88,"column":1}},"line":64}},"branchMap":{"0":{"loc":{"start":{"line":12,"column":4},"end":{"line":14,"column":5}},"type":"if","locations":[{"start":{"line":12,"column":4},"end":{"line":14,"column":5}},{"start":{"line":12,"column":4},"end":{"line":14,"column":5}}],"line":12},"1":{"loc":{"start":{"line":12,"column":8},"end":{"line":12,"column":37}},"type":"binary-expr","locations":[{"start":{"line":12,"column":8},"end":{"line":12,"column":18}},{"start":{"line":12,"column":22},"end":{"line":12,"column":37}}],"line":12},"2":{"loc":{"start":{"line":33,"column":4},"end":{"line":53,"column":5}},"type":"if","locations":[{"start":{"line":33,"column":4},"end":{"line":53,"column":5}},{"start":{"line":33,"column":4},"end":{"line":53,"column":5}}],"line":33},"3":{"loc":{"start":{"line":67,"column":4},"end":{"line":80,"column":5}},"type":"if","locations":[{"start":{"line":67,"column":4},"end":{"line":80,"column":5}},{"start":{"line":67,"column":4},"end":{"line":80,"column":5}}],"line":67}},"s":{"0":1,"1":1,"2":1,"3":2,"4":2,"5":2,"6":0,"7":2,"8":2,"9":0,"10":1,"11":1,"12":1,"13":1,"14":1,"15":1,"16":0,"17":0,"18":0,"19":1,"20":2,"21":2,"22":2,"23":2,"24":0,"25":0,"26":2,"27":1},"f":{"0":2,"1":1,"2":2},"b":{"0":[0,2],"1":[2,2],"2":[1,0],"3":[2,0]},"_coverageSchema":"1a1c01bbd47fc00a2c39e90264f33305004495a9","hash":"bfe0cfdd7a9f6d8e5943fab7e377efe83ff798fb"}
,"C:\\Users\\91987\\code\\HomiTag\\Movie\\src\\controllers\\index.js": {"path":"C:\\Users\\91987\\code\\HomiTag\\Movie\\src\\controllers\\index.js","statementMap":{"0":{"start":{"line":1,"column":24},"end":{"line":1,"column":52}},"1":{"start":{"line":3,"column":0},"end":{"line":5,"column":1}}},"fnMap":{},"branchMap":{},"s":{"0":1,"1":1},"f":{},"b":{},"_coverageSchema":"1a1c01bbd47fc00a2c39e90264f33305004495a9","hash":"94308d365930e9bf1ef2d7f928a9e7ec7319e556"}
,"C:\\Users\\91987\\code\\HomiTag\\Movie\\src\\models\\index.js": {"path":"C:\\Users\\91987\\code\\HomiTag\\Movie\\src\\models\\index.js","statementMap":{"0":{"start":{"line":1,"column":19},"end":{"line":1,"column":43}},"1":{"start":{"line":3,"column":0},"end":{"line":5,"column":1}}},"fnMap":{},"branchMap":{},"s":{"0":1,"1":1},"f":{},"b":{},"_coverageSchema":"1a1c01bbd47fc00a2c39e90264f33305004495a9","hash":"e4bc94adb0086dcd60c0011062fd0d39b0f9bc55"}
,"C:\\Users\\91987\\code\\HomiTag\\Movie\\src\\models\\movie.model.js": {"path":"C:\\Users\\91987\\code\\HomiTag\\Movie\\src\\models\\movie.model.js","statementMap":{"0":{"start":{"line":1,"column":17},"end":{"line":1,"column":36}},"1":{"start":{"line":3,"column":20},"end":{"line":12,"column":2}},"2":{"start":{"line":14,"column":14},"end":{"line":14,"column":51}},"3":{"start":{"line":16,"column":0},"end":{"line":18,"column":1}}},"fnMap":{},"branchMap":{},"s":{"0":1,"1":1,"2":1,"3":1},"f":{},"b":{},"_coverageSchema":"1a1c01bbd47fc00a2c39e90264f33305004495a9","hash":"2d57ba067bbe55cac58a9bd1ba8d8f951485cafe"}
,"C:\\Users\\91987\\code\\HomiTag\\Movie\\src\\validations\\index.js": {"path":"C:\\Users\\91987\\code\\HomiTag\\Movie\\src\\validations\\index.js","statementMap":{"0":{"start":{"line":1,"column":20},"end":{"line":1,"column":45}},"1":{"start":{"line":2,"column":20},"end":{"line":2,"column":45}},"2":{"start":{"line":4,"column":0},"end":{"line":7,"column":1}}},"fnMap":{},"branchMap":{},"s":{"0":1,"1":1,"2":1},"f":{},"b":{},"_coverageSchema":"1a1c01bbd47fc00a2c39e90264f33305004495a9","hash":"9e82f2fef37f722cb3aed6f36b36be7ddda4214e"}
,"C:\\Users\\91987\\code\\HomiTag\\Movie\\src\\validations\\movie\\create.js": {"path":"C:\\Users\\91987\\code\\HomiTag\\Movie\\src\\validations\\movie\\create.js","statementMap":{"0":{"start":{"line":1,"column":12},"end":{"line":1,"column":32}},"1":{"start":{"line":3,"column":15},"end":{"line":10,"column":16}},"2":{"start":{"line":12,"column":15},"end":{"line":12,"column":46}},"3":{"start":{"line":12,"column":25},"end":{"line":12,"column":46}},"4":{"start":{"line":14,"column":0},"end":{"line":16,"column":1}}},"fnMap":{"0":{"name":"(anonymous_0)","decl":{"start":{"line":12,"column":15},"end":{"line":12,"column":16}},"loc":{"start":{"line":12,"column":25},"end":{"line":12,"column":46}},"line":12}},"branchMap":{},"s":{"0":1,"1":1,"2":1,"3":1,"4":1},"f":{"0":1},"b":{},"_coverageSchema":"1a1c01bbd47fc00a2c39e90264f33305004495a9","hash":"a3d9f89804d686c4101662c9313aa6a5a8f53301"}
,"C:\\Users\\91987\\code\\HomiTag\\Movie\\src\\validations\\movie\\delete.js": {"path":"C:\\Users\\91987\\code\\HomiTag\\Movie\\src\\validations\\movie\\delete.js","statementMap":{"0":{"start":{"line":1,"column":12},"end":{"line":1,"column":32}},"1":{"start":{"line":3,"column":15},"end":{"line":5,"column":2}},"2":{"start":{"line":7,"column":20},"end":{"line":7,"column":51}},"3":{"start":{"line":7,"column":30},"end":{"line":7,"column":51}},"4":{"start":{"line":9,"column":0},"end":{"line":11,"column":1}}},"fnMap":{"0":{"name":"(anonymous_0)","decl":{"start":{"line":7,"column":20},"end":{"line":7,"column":21}},"loc":{"start":{"line":7,"column":30},"end":{"line":7,"column":51}},"line":7}},"branchMap":{},"s":{"0":1,"1":1,"2":1,"3":2,"4":1},"f":{"0":2},"b":{},"_coverageSchema":"1a1c01bbd47fc00a2c39e90264f33305004495a9","hash":"6e3b9a56c2d2637cce52d4fe7ad5b656750c5df9"}
}
